<?xml version="1.0" encoding="UTF-8"?>
<testsuite name="com.coindirect.recruitment.controller.OrderControllerIntegrationTest" tests="4" skipped="0" failures="0" errors="0" timestamp="2022-07-30T09:59:35" hostname="MTHOKOZINYO-PC" time="0.032">
  <properties/>
  <testcase name="getBookingById_successful()" classname="com.coindirect.recruitment.controller.OrderControllerIntegrationTest" time="0.013"/>
  <testcase name="getBookingByPosition_successful()" classname="com.coindirect.recruitment.controller.OrderControllerIntegrationTest" time="0.005"/>
  <testcase name="createBooking_successfullyBooking()" classname="com.coindirect.recruitment.controller.OrderControllerIntegrationTest" time="0.005"/>
  <testcase name="isAvailable_successful()" classname="com.coindirect.recruitment.controller.OrderControllerIntegrationTest" time="0.005"/>
  <system-out><![CDATA[2022-07-30 11:59:34.043  INFO 18776 --- [    Test worker] .b.t.c.SpringBootTestContextBootstrapper : Neither @ContextConfiguration nor @ContextHierarchy found for test class [com.coindirect.recruitment.controller.OrderControllerIntegrationTest], using SpringBootContextLoader
2022-07-30 11:59:34.043  INFO 18776 --- [    Test worker] o.s.t.c.support.AbstractContextLoader    : Could not detect default resource locations for test class [com.coindirect.recruitment.controller.OrderControllerIntegrationTest]: no resource found for suffixes {-context.xml, Context.groovy}.
2022-07-30 11:59:34.043  INFO 18776 --- [    Test worker] t.c.s.AnnotationConfigContextLoaderUtils : Could not detect default configuration classes for test class [com.coindirect.recruitment.controller.OrderControllerIntegrationTest]: OrderControllerIntegrationTest does not declare any static, non-private, non-final, nested classes annotated with @Configuration.
2022-07-30 11:59:34.043  INFO 18776 --- [    Test worker] .b.t.c.SpringBootTestContextBootstrapper : Found @SpringBootConfiguration com.coindirect.recruitment.BookingSystemApplication for test class com.coindirect.recruitment.controller.OrderControllerIntegrationTest
2022-07-30 11:59:34.059  INFO 18776 --- [    Test worker] .b.t.c.SpringBootTestContextBootstrapper : Loaded default TestExecutionListener class names from location [META-INF/spring.factories]: [org.springframework.boot.test.autoconfigure.restdocs.RestDocsTestExecutionListener, org.springframework.boot.test.autoconfigure.web.client.MockRestServiceServerResetTestExecutionListener, org.springframework.boot.test.autoconfigure.web.servlet.MockMvcPrintOnlyOnFailureTestExecutionListener, org.springframework.boot.test.autoconfigure.web.servlet.WebDriverTestExecutionListener, org.springframework.boot.test.autoconfigure.webservices.client.MockWebServiceServerTestExecutionListener, org.springframework.boot.test.mock.mockito.MockitoTestExecutionListener, org.springframework.boot.test.mock.mockito.ResetMocksTestExecutionListener, org.springframework.test.context.web.ServletTestExecutionListener, org.springframework.test.context.support.DirtiesContextBeforeModesTestExecutionListener, org.springframework.test.context.event.ApplicationEventsTestExecutionListener, org.springframework.test.context.support.DependencyInjectionTestExecutionListener, org.springframework.test.context.support.DirtiesContextTestExecutionListener, org.springframework.test.context.transaction.TransactionalTestExecutionListener, org.springframework.test.context.jdbc.SqlScriptsTestExecutionListener, org.springframework.test.context.event.EventPublishingTestExecutionListener]
2022-07-30 11:59:34.059  INFO 18776 --- [    Test worker] .b.t.c.SpringBootTestContextBootstrapper : Using TestExecutionListeners: [org.springframework.test.context.web.ServletTestExecutionListener@2ee5fe1e, org.springframework.test.context.support.DirtiesContextBeforeModesTestExecutionListener@2b30b25f, org.springframework.test.context.event.ApplicationEventsTestExecutionListener@58dea0a7, org.springframework.boot.test.mock.mockito.MockitoTestExecutionListener@195d4780, org.springframework.boot.test.autoconfigure.SpringBootDependencyInjectionTestExecutionListener@18c95fbb, org.springframework.test.context.support.DirtiesContextTestExecutionListener@36c5a4b7, org.springframework.test.context.transaction.TransactionalTestExecutionListener@1bb3e150, org.springframework.test.context.jdbc.SqlScriptsTestExecutionListener@6821d4e1, org.springframework.test.context.event.EventPublishingTestExecutionListener@3ac76ad9, org.springframework.boot.test.autoconfigure.restdocs.RestDocsTestExecutionListener@213c812a, org.springframework.boot.test.autoconfigure.web.client.MockRestServiceServerResetTestExecutionListener@25814d3c, org.springframework.boot.test.autoconfigure.web.servlet.MockMvcPrintOnlyOnFailureTestExecutionListener@436103b1, org.springframework.boot.test.autoconfigure.web.servlet.WebDriverTestExecutionListener@427128a6, org.springframework.boot.test.autoconfigure.webservices.client.MockWebServiceServerTestExecutionListener@701c413, org.springframework.boot.test.mock.mockito.ResetMocksTestExecutionListener@28468162]

  .   ____          _            __ _ _
 /\\ / ___'_ __ _ _(_)_ __  __ _ \ \ \ \
( ( )\___ | '_ | '_| | '_ \/ _` | \ \ \ \
 \\/  ___)| |_)| | | | | || (_| |  ) ) ) )
  '  |____| .__|_| |_|_| |_\__, | / / / /
 =========|_|==============|___/=/_/_/_/
 :: Spring Boot ::                (v2.6.3)

2022-07-30 11:59:34.090  INFO 18776 --- [    Test worker] c.c.r.c.OrderControllerIntegrationTest   : Starting OrderControllerIntegrationTest using Java 11.0.15.1 on MthokoziNyo-PC with PID 18776 (started by mthokozisi.nyoni in C:\Users\mthokozisi.nyoni\Desktop\Projects\backend-recruitment-master)
2022-07-30 11:59:34.090  INFO 18776 --- [    Test worker] c.c.r.c.OrderControllerIntegrationTest   : No active profile set, falling back to default profiles: default
2022-07-30 11:59:34.278  INFO 18776 --- [    Test worker] .s.d.r.c.RepositoryConfigurationDelegate : Bootstrapping Spring Data JPA repositories in DEFAULT mode.
2022-07-30 11:59:34.294  INFO 18776 --- [    Test worker] .s.d.r.c.RepositoryConfigurationDelegate : Finished Spring Data repository scanning in 15 ms. Found 1 JPA repository interfaces.
2022-07-30 11:59:34.451  INFO 18776 --- [    Test worker] com.zaxxer.hikari.HikariDataSource       : HikariPool-2 - Starting...
2022-07-30 11:59:34.451  INFO 18776 --- [    Test worker] com.zaxxer.hikari.HikariDataSource       : HikariPool-2 - Start completed.
2022-07-30 11:59:34.466  INFO 18776 --- [    Test worker] o.hibernate.jpa.internal.util.LogHelper  : HHH000204: Processing PersistenceUnitInfo [name: default]
2022-07-30 11:59:34.466  INFO 18776 --- [    Test worker] org.hibernate.dialect.Dialect            : HHH000400: Using dialect: org.hibernate.dialect.H2Dialect
2022-07-30 11:59:34.505  INFO 18776 --- [    Test worker] o.h.e.t.j.p.i.JtaPlatformInitiator       : HHH000490: Using JtaPlatform implementation: [org.hibernate.engine.transaction.jta.platform.internal.NoJtaPlatform]
2022-07-30 11:59:34.505  INFO 18776 --- [    Test worker] j.LocalContainerEntityManagerFactoryBean : Initialized JPA EntityManagerFactory for persistence unit 'default'
2022-07-30 11:59:34.624  WARN 18776 --- [    Test worker] JpaBaseConfiguration$JpaWebConfiguration : spring.jpa.open-in-view is enabled by default. Therefore, database queries may be performed during view rendering. Explicitly configure spring.jpa.open-in-view to disable this warning
2022-07-30 11:59:34.705  INFO 18776 --- [    Test worker] o.s.b.a.h2.H2ConsoleAutoConfiguration    : H2 console available at '/h2-console'. Database available at 'jdbc:h2:mem:bookingdb'
2022-07-30 11:59:35.206  INFO 18776 --- [    Test worker] c.c.r.c.OrderControllerIntegrationTest   : Started OrderControllerIntegrationTest in 1.148 seconds (JVM running for 7.033)
2022-07-30 11:59:35.206  INFO 18776 --- [    Test worker] c.c.r.controller.OrderController         : Intialisation of process
2022-07-30 11:59:35.220  INFO 18776 --- [    Test worker] c.c.r.controller.OrderController         : Intialisation of process
2022-07-30 11:59:35.236  INFO 18776 --- [    Test worker] c.c.r.controller.OrderController         : Intialisation of process
]]></system-out>
  <system-err><![CDATA[]]></system-err>
</testsuite>
