<?xml version="1.0" encoding="UTF-8"?>
<testsuite name="com.coindirect.recruitment.controller.OrderControllerIntegrationTest" tests="4" skipped="0" failures="0" errors="0" timestamp="2022-07-30T10:18:31" hostname="MTHOKOZINYO-PC" time="0.07">
  <properties/>
  <testcase name="getBookingById_successful()" classname="com.coindirect.recruitment.controller.OrderControllerIntegrationTest" time="0.053"/>
  <testcase name="getBookingByPosition_successful()" classname="com.coindirect.recruitment.controller.OrderControllerIntegrationTest" time="0.006"/>
  <testcase name="createBooking_successfullyBooking()" classname="com.coindirect.recruitment.controller.OrderControllerIntegrationTest" time="0.005"/>
  <testcase name="isAvailable_successful()" classname="com.coindirect.recruitment.controller.OrderControllerIntegrationTest" time="0.003"/>
  <system-out><![CDATA[12:18:26.173 [Test worker] DEBUG org.springframework.test.context.BootstrapUtils - Instantiating CacheAwareContextLoaderDelegate from class [org.springframework.test.context.cache.DefaultCacheAwareContextLoaderDelegate]
12:18:26.189 [Test worker] DEBUG org.springframework.test.context.BootstrapUtils - Instantiating BootstrapContext using constructor [public org.springframework.test.context.support.DefaultBootstrapContext(java.lang.Class,org.springframework.test.context.CacheAwareContextLoaderDelegate)]
12:18:26.220 [Test worker] DEBUG org.springframework.test.context.BootstrapUtils - Instantiating TestContextBootstrapper for test class [com.coindirect.recruitment.controller.OrderControllerIntegrationTest] from class [org.springframework.boot.test.context.SpringBootTestContextBootstrapper]
12:18:26.220 [Test worker] INFO org.springframework.boot.test.context.SpringBootTestContextBootstrapper - Neither @ContextConfiguration nor @ContextHierarchy found for test class [com.coindirect.recruitment.controller.OrderControllerIntegrationTest], using SpringBootContextLoader
12:18:26.220 [Test worker] DEBUG org.springframework.test.context.support.AbstractContextLoader - Did not detect default resource location for test class [com.coindirect.recruitment.controller.OrderControllerIntegrationTest]: class path resource [com/coindirect/recruitment/controller/OrderControllerIntegrationTest-context.xml] does not exist
12:18:26.220 [Test worker] DEBUG org.springframework.test.context.support.AbstractContextLoader - Did not detect default resource location for test class [com.coindirect.recruitment.controller.OrderControllerIntegrationTest]: class path resource [com/coindirect/recruitment/controller/OrderControllerIntegrationTestContext.groovy] does not exist
12:18:26.220 [Test worker] INFO org.springframework.test.context.support.AbstractContextLoader - Could not detect default resource locations for test class [com.coindirect.recruitment.controller.OrderControllerIntegrationTest]: no resource found for suffixes {-context.xml, Context.groovy}.
12:18:26.220 [Test worker] INFO org.springframework.test.context.support.AnnotationConfigContextLoaderUtils - Could not detect default configuration classes for test class [com.coindirect.recruitment.controller.OrderControllerIntegrationTest]: OrderControllerIntegrationTest does not declare any static, non-private, non-final, nested classes annotated with @Configuration.
12:18:26.267 [Test worker] DEBUG org.springframework.test.context.support.ActiveProfilesUtils - Could not find an 'annotation declaring class' for annotation type [org.springframework.test.context.ActiveProfiles] and class [com.coindirect.recruitment.controller.OrderControllerIntegrationTest]
12:18:26.361 [Test worker] DEBUG org.springframework.context.annotation.ClassPathScanningCandidateComponentProvider - Identified candidate component class: file [C:\Users\mthokozisi.nyoni\Desktop\Projects\backend-recruitment-master\build\classes\java\main\com\coindirect\recruitment\BookingSystemApplication.class]
12:18:26.361 [Test worker] INFO org.springframework.boot.test.context.SpringBootTestContextBootstrapper - Found @SpringBootConfiguration com.coindirect.recruitment.BookingSystemApplication for test class com.coindirect.recruitment.controller.OrderControllerIntegrationTest
12:18:26.459 [Test worker] DEBUG org.springframework.boot.test.context.SpringBootTestContextBootstrapper - @TestExecutionListeners is not present for class [com.coindirect.recruitment.controller.OrderControllerIntegrationTest]: using defaults.
12:18:26.460 [Test worker] INFO org.springframework.boot.test.context.SpringBootTestContextBootstrapper - Loaded default TestExecutionListener class names from location [META-INF/spring.factories]: [org.springframework.boot.test.autoconfigure.restdocs.RestDocsTestExecutionListener, org.springframework.boot.test.autoconfigure.web.client.MockRestServiceServerResetTestExecutionListener, org.springframework.boot.test.autoconfigure.web.servlet.MockMvcPrintOnlyOnFailureTestExecutionListener, org.springframework.boot.test.autoconfigure.web.servlet.WebDriverTestExecutionListener, org.springframework.boot.test.autoconfigure.webservices.client.MockWebServiceServerTestExecutionListener, org.springframework.boot.test.mock.mockito.MockitoTestExecutionListener, org.springframework.boot.test.mock.mockito.ResetMocksTestExecutionListener, org.springframework.test.context.web.ServletTestExecutionListener, org.springframework.test.context.support.DirtiesContextBeforeModesTestExecutionListener, org.springframework.test.context.event.ApplicationEventsTestExecutionListener, org.springframework.test.context.support.DependencyInjectionTestExecutionListener, org.springframework.test.context.support.DirtiesContextTestExecutionListener, org.springframework.test.context.transaction.TransactionalTestExecutionListener, org.springframework.test.context.jdbc.SqlScriptsTestExecutionListener, org.springframework.test.context.event.EventPublishingTestExecutionListener]
12:18:26.472 [Test worker] INFO org.springframework.boot.test.context.SpringBootTestContextBootstrapper - Using TestExecutionListeners: [org.springframework.test.context.web.ServletTestExecutionListener@6650813a, org.springframework.test.context.support.DirtiesContextBeforeModesTestExecutionListener@44ea608c, org.springframework.test.context.event.ApplicationEventsTestExecutionListener@50cf5a23, org.springframework.boot.test.mock.mockito.MockitoTestExecutionListener@450794b4, org.springframework.boot.test.autoconfigure.SpringBootDependencyInjectionTestExecutionListener@273c947f, org.springframework.test.context.support.DirtiesContextTestExecutionListener@30457e14, org.springframework.test.context.transaction.TransactionalTestExecutionListener@1af1347d, org.springframework.test.context.jdbc.SqlScriptsTestExecutionListener@632aa1a3, org.springframework.test.context.event.EventPublishingTestExecutionListener@20765ed5, org.springframework.boot.test.autoconfigure.restdocs.RestDocsTestExecutionListener@3b582111, org.springframework.boot.test.autoconfigure.web.client.MockRestServiceServerResetTestExecutionListener@2899a8db, org.springframework.boot.test.autoconfigure.web.servlet.MockMvcPrintOnlyOnFailureTestExecutionListener@1e8823d2, org.springframework.boot.test.autoconfigure.web.servlet.WebDriverTestExecutionListener@c1a4620, org.springframework.boot.test.autoconfigure.webservices.client.MockWebServiceServerTestExecutionListener@76b0ae1b, org.springframework.boot.test.mock.mockito.ResetMocksTestExecutionListener@130a0f66]
12:18:26.474 [Test worker] DEBUG org.springframework.test.context.support.AbstractDirtiesContextTestExecutionListener - Before test class: context [DefaultTestContext@26f3d90c testClass = OrderControllerIntegrationTest, testInstance = [null], testMethod = [null], testException = [null], mergedContextConfiguration = [WebMergedContextConfiguration@3c49fab6 testClass = OrderControllerIntegrationTest, locations = '{}', classes = '{class com.coindirect.recruitment.BookingSystemApplication}', contextInitializerClasses = '[]', activeProfiles = '{}', propertySourceLocations = '{}', propertySourceProperties = '{org.springframework.boot.test.context.SpringBootTestContextBootstrapper=true}', contextCustomizers = set[org.springframework.boot.test.autoconfigure.actuate.metrics.MetricsExportContextCustomizerFactory$DisableMetricExportContextCustomizer@18230356, org.springframework.boot.test.autoconfigure.properties.PropertyMappingContextCustomizer@0, org.springframework.boot.test.autoconfigure.web.servlet.WebDriverContextCustomizerFactory$Customizer@12bcd0c0, org.springframework.boot.test.context.filter.ExcludeFilterContextCustomizer@4678a2eb, org.springframework.boot.test.json.DuplicateJsonObjectContextCustomizerFactory$DuplicateJsonObjectContextCustomizer@58ebfd03, org.springframework.boot.test.mock.mockito.MockitoContextCustomizer@6a738a92, org.springframework.boot.test.web.client.TestRestTemplateContextCustomizer@285c08c8, org.springframework.boot.test.context.SpringBootTestArgs@1, org.springframework.boot.test.context.SpringBootTestWebEnvironment@4bbf6d0e], resourceBasePath = 'src/main/webapp', contextLoader = 'org.springframework.boot.test.context.SpringBootContextLoader', parent = [null]], attributes = map['org.springframework.test.context.web.ServletTestExecutionListener.activateListener' -> true]], class annotated with @DirtiesContext [false] with mode [null].

  .   ____          _            __ _ _
 /\\ / ___'_ __ _ _(_)_ __  __ _ \ \ \ \
( ( )\___ | '_ | '_| | '_ \/ _` | \ \ \ \
 \\/  ___)| |_)| | | | | || (_| |  ) ) ) )
  '  |____| .__|_| |_|_| |_\__, | / / / /
 =========|_|==============|___/=/_/_/_/
 :: Spring Boot ::                (v2.6.3)

2022-07-30 12:18:26.769  INFO 22840 --- [    Test worker] c.c.r.c.OrderControllerIntegrationTest   : Starting OrderControllerIntegrationTest using Java 11.0.15.1 on MthokoziNyo-PC with PID 22840 (started by mthokozisi.nyoni in C:\Users\mthokozisi.nyoni\Desktop\Projects\backend-recruitment-master)
2022-07-30 12:18:26.769  INFO 22840 --- [    Test worker] c.c.r.c.OrderControllerIntegrationTest   : No active profile set, falling back to default profiles: default
2022-07-30 12:18:27.413  INFO 22840 --- [    Test worker] .s.d.r.c.RepositoryConfigurationDelegate : Bootstrapping Spring Data JPA repositories in DEFAULT mode.
2022-07-30 12:18:27.460  INFO 22840 --- [    Test worker] .s.d.r.c.RepositoryConfigurationDelegate : Finished Spring Data repository scanning in 39 ms. Found 1 JPA repository interfaces.
2022-07-30 12:18:28.261  INFO 22840 --- [    Test worker] com.zaxxer.hikari.HikariDataSource       : HikariPool-1 - Starting...
2022-07-30 12:18:28.386  INFO 22840 --- [    Test worker] com.zaxxer.hikari.HikariDataSource       : HikariPool-1 - Start completed.
2022-07-30 12:18:28.449  INFO 22840 --- [    Test worker] o.hibernate.jpa.internal.util.LogHelper  : HHH000204: Processing PersistenceUnitInfo [name: default]
2022-07-30 12:18:28.496  INFO 22840 --- [    Test worker] org.hibernate.Version                    : HHH000412: Hibernate ORM core version 5.6.4.Final
2022-07-30 12:18:28.543  INFO 22840 --- [    Test worker] o.hibernate.annotations.common.Version   : HCANN000001: Hibernate Commons Annotations {5.1.2.Final}
2022-07-30 12:18:28.669  INFO 22840 --- [    Test worker] org.hibernate.dialect.Dialect            : HHH000400: Using dialect: org.hibernate.dialect.H2Dialect
2022-07-30 12:18:29.061  INFO 22840 --- [    Test worker] o.h.e.t.j.p.i.JtaPlatformInitiator       : HHH000490: Using JtaPlatform implementation: [org.hibernate.engine.transaction.jta.platform.internal.NoJtaPlatform]
2022-07-30 12:18:29.061  INFO 22840 --- [    Test worker] j.LocalContainerEntityManagerFactoryBean : Initialized JPA EntityManagerFactory for persistence unit 'default'
2022-07-30 12:18:29.405  WARN 22840 --- [    Test worker] JpaBaseConfiguration$JpaWebConfiguration : spring.jpa.open-in-view is enabled by default. Therefore, database queries may be performed during view rendering. Explicitly configure spring.jpa.open-in-view to disable this warning
2022-07-30 12:18:29.744  INFO 22840 --- [    Test worker] o.s.b.a.h2.H2ConsoleAutoConfiguration    : H2 console available at '/h2-console'. Database available at 'jdbc:h2:mem:bookingdb'
2022-07-30 12:18:31.068  INFO 22840 --- [    Test worker] c.c.r.c.OrderControllerIntegrationTest   : Started OrderControllerIntegrationTest in 4.573 seconds (JVM running for 5.766)
2022-07-30 12:18:31.130  INFO 22840 --- [    Test worker] c.c.r.controller.OrderController         : Intialisation of process
2022-07-30 12:18:31.161  INFO 22840 --- [    Test worker] c.c.r.controller.OrderController         : Intialisation of process
2022-07-30 12:18:31.161  INFO 22840 --- [    Test worker] c.c.r.controller.OrderController         : Intialisation of process
]]></system-out>
  <system-err><![CDATA[]]></system-err>
</testsuite>
